Using pre-set license
Built from '2020.3/release' branch; Version is '2020.3.1f1 (77a89f25062f) revision 7841951'; Using compiler version '192528614'; Build Type 'Release'
OS: 'Windows 10 Pro; OS build 19042.1110; Version 2009; 64bit' Language: 'zh' Physical Memory: 32678 MB
BatchMode: 1, IsHumanControllingUs: 0, StartBugReporterOnCrash: 0, Is64bit: 1, IsPro: 0

 COMMAND LINE ARGUMENTS:
C:\Program Files\Unity\Hub\Editor\2020.3.1f1\Editor\Unity.exe
-adb2
-batchMode
-noUpm
-name
AssetImportWorker1
-projectPath
D:/GiHub/Async
-logFile
Logs/AssetImportWorker1.log
-srvPort
55355
Successfully changed project path to: D:/GiHub/Async
D:/GiHub/Async
Using Asset Import Pipeline V2.
Refreshing native plugins compatible for Editor in 18.49 ms, found 0 plugins.
Preloading 0 native plugins for Editor in 0.00 ms.
Initialize engine version: 2020.3.1f1 (77a89f25062f)
[Subsystems] Discovering subsystems at path C:/Program Files/Unity/Hub/Editor/2020.3.1f1/Editor/Data/Resources/UnitySubsystems
[Subsystems] Discovering subsystems at path D:/GiHub/Async/Assets
GfxDevice: creating device client; threaded=0
Direct3D:
    Version:  Direct3D 11.0 [level 11.1]
    Renderer: NVIDIA GeForce RTX 2060 (ID=0x1f08)
    Vendor:   
    VRAM:     5980 MB
    Driver:   27.21.14.6611
Initialize mono
Mono path[0] = 'C:/Program Files/Unity/Hub/Editor/2020.3.1f1/Editor/Data/Managed'
Mono path[1] = 'C:/Program Files/Unity/Hub/Editor/2020.3.1f1/Editor/Data/MonoBleedingEdge/lib/mono/unityjit'
Mono config path = 'C:/Program Files/Unity/Hub/Editor/2020.3.1f1/Editor/Data/MonoBleedingEdge/etc'
Using monoOptions --debugger-agent=transport=dt_socket,embedding=1,server=y,suspend=n,address=127.0.0.1:56416
Begin MonoManager ReloadAssembly
Registering precompiled unity dll's ...
Register platform support module: C:/Program Files/Unity/Hub/Editor/2020.3.1f1/Editor/Data/PlaybackEngines/WebGLSupport/UnityEditor.WebGL.Extensions.dll
Register platform support module: C:/Program Files/Unity/Hub/Editor/2020.3.1f1/Editor/Data/PlaybackEngines/WindowsStandaloneSupport/UnityEditor.WindowsStandalone.Extensions.dll
Registered in 0.001746 seconds.
Native extension for WindowsStandalone target not found
Native extension for WebGL target not found
Refreshing native plugins compatible for Editor in 18.61 ms, found 0 plugins.
Preloading 0 native plugins for Editor in 0.00 ms.
Invoked RoslynAnalysisRunner static constructor.
RoslynAnalysisRunner will not be running.
RoslynAnalysisRunner has terminated.
Mono: successfully reloaded assembly
- Completed reload, in  1.564 seconds
Platform modules already initialized, skipping
Registering precompiled user dll's ...
Registered in 0.000437 seconds.
Begin MonoManager ReloadAssembly
Native extension for WindowsStandalone target not found
Native extension for WebGL target not found
Refreshing native plugins compatible for Editor in 0.20 ms, found 0 plugins.
Preloading 0 native plugins for Editor in 0.00 ms.
Invoked RoslynAnalysisRunner static constructor.
RoslynAnalysisRunner will not be running.
RoslynAnalysisRunner has terminated.
Mono: successfully reloaded assembly
- Completed reload, in  0.619 seconds
Platform modules already initialized, skipping
========================================================================
Worker process is ready to serve import requests
Launched and connected shader compiler UnityShaderCompiler.exe after 0.03 seconds
Refreshing native plugins compatible for Editor in 0.20 ms, found 0 plugins.
Preloading 0 native plugins for Editor in 0.00 ms.
Unloading 1116 Unused Serialized files (Serialized files now loaded: 0)
System memory in use before: 59.4 MB.
System memory in use after: 59.5 MB.

Unloading 9 unused Assets to reduce memory usage. Loaded Objects now: 1559.
Total: 1.537400 ms (FindLiveObjects: 0.145800 ms CreateObjectMapping: 0.028400 ms MarkObjects: 1.303500 ms  DeleteObjects: 0.058800 ms)

========================================================================
Received Import Request.
  path: Assets/Jason/Scripts/TaskManager.cs
  artifactKey: Guid(271081af3f9242d4ab011777b9ac3002) Importer(815301076,1909f56bfc062723c751e8b465ee728b)
Start importing Assets/Jason/Scripts/TaskManager.cs using Guid(271081af3f9242d4ab011777b9ac3002) Importer(815301076,1909f56bfc062723c751e8b465ee728b)  -> (artifact id: '08d7fd5487df43fd57d936f5724293a9') in 0.017802 seconds
  Import took 0.019499 seconds .

========================================================================
Received Import Request.
  Time since last request: 0.000157 seconds.
  path: Assets/Jason/Scripts/ParallelManager.cs
  artifactKey: Guid(7a8ae03d2c77c9d4b92cc26a78eed315) Importer(815301076,1909f56bfc062723c751e8b465ee728b)
Start importing Assets/Jason/Scripts/ParallelManager.cs using Guid(7a8ae03d2c77c9d4b92cc26a78eed315) Importer(815301076,1909f56bfc062723c751e8b465ee728b)  -> (artifact id: '0406c4e22524580182d3bbd087298a3a') in 0.000965 seconds
  Import took 0.002337 seconds .

========================================================================
Received Import Request.
  Time since last request: 0.000121 seconds.
  path: Assets/Jason/Scripts/AsyncManager.cs
  artifactKey: Guid(2247d57b716b4f44ea63673d86f1da3c) Importer(815301076,1909f56bfc062723c751e8b465ee728b)
Start importing Assets/Jason/Scripts/AsyncManager.cs using Guid(2247d57b716b4f44ea63673d86f1da3c) Importer(815301076,1909f56bfc062723c751e8b465ee728b)  -> (artifact id: '4b256d8409ff9620647cb7e85f05211e') in 0.005786 seconds
  Import took 0.007120 seconds .

